# JRE version: OpenJDK Runtime Environment (21.0.6) (build 21.0.6+-13368085-b895.109)
# Java VM: OpenJDK 64-Bit Server VM (21.0.6+-13368085-b895.109, mixed mode, tiered, compressed oops, compressed class ptrs, g1 gc, windows-amd64)
GC Precious Log:
 CardTable entry size: 512
 Card Set container configuration: InlinePtr #cards 5 size 8 Array Of Cards #cards 12 size 40 Howl #buckets 4 coarsen threshold 1843 Howl Bitmap #cards 512 size 80 coarsen threshold 460 Card regions per heap region 1 cards per card region 2048
 CPUs: 12 total, 12 available
 Memory: 16227M
 Large Page Support: Disabled
 NUMA Support: Disabled
 Compressed Oops: Enabled (32-bit)
 Heap Region Size: 1M
 Heap Min Capacity: 8M
 Heap Initial Capacity: 254M
 Heap Max Capacity: 2G
 Pre-touch: Disabled
 Parallel Workers: 10
 Concurrent Workers: 3
 Concurrent Refinement Workers: 10
 Periodic GC: Disabled
Heap:
 garbage-first heap   total 420864K, used 306272K [0x0000000080000000, 0x0000000100000000)
  region size 1024K, 158 young (161792K), 13 survivors (13312K)
 Metaspace       used 159126K, committed 161472K, reserved 1245184K
  class space    used 20464K, committed 22016K, reserved 1048576K
GC Heap History (20 events):
Event: 6311.453 GC heap before
{Heap before GC invocations=95 (full 0):
 garbage-first heap   total 420864K, used 211385K [0x0000000080000000, 0x0000000100000000)
  region size 1024K, 73 young (74752K), 15 survivors (15360K)
 Metaspace       used 156340K, committed 158912K, reserved 1245184K
  class space    used 20232K, committed 22016K, reserved 1048576K
}
Event: 6311.467 GC heap after
{Heap after GC invocations=96 (full 0):
 garbage-first heap   total 420864K, used 157696K [0x0000000080000000, 0x0000000100000000)
  region size 1024K, 4 young (4096K), 4 survivors (4096K)
 Metaspace       used 156340K, committed 158912K, reserved 1245184K
  class space    used 20232K, committed 22016K, reserved 1048576K
}
Event: 6585.590 GC heap before
{Heap before GC invocations=97 (full 0):
 garbage-first heap   total 420864K, used 362496K [0x0000000080000000, 0x0000000100000000)
  region size 1024K, 193 young (197632K), 4 survivors (4096K)
 Metaspace       used 156232K, committed 159168K, reserved 1245184K
  class space    used 20144K, committed 22016K, reserved 1048576K
}
Event: 6585.598 GC heap after
{Heap after GC invocations=98 (full 0):
 garbage-first heap   total 420864K, used 158271K [0x0000000080000000, 0x0000000100000000)
  region size 1024K, 10 young (10240K), 10 survivors (10240K)
 Metaspace       used 156232K, committed 159168K, reserved 1245184K
  class space    used 20144K, committed 22016K, reserved 1048576K
}
Event: 6587.559 GC heap before
{Heap before GC invocations=98 (full 0):
 garbage-first heap   total 420864K, used 376383K [0x0000000080000000, 0x0000000100000000)
  region size 1024K, 205 young (209920K), 10 survivors (10240K)
 Metaspace       used 156403K, committed 159232K, reserved 1245184K
  class space    used 20145K, committed 22016K, reserved 1048576K
}
Event: 6587.578 GC heap after
{Heap after GC invocations=99 (full 0):
 garbage-first heap   total 420864K, used 159995K [0x0000000080000000, 0x0000000100000000)
  region size 1024K, 23 young (23552K), 23 survivors (23552K)
 Metaspace       used 156403K, committed 159232K, reserved 1245184K
  class space    used 20145K, committed 22016K, reserved 1048576K
}
Event: 6587.809 GC heap before
{Heap before GC invocations=99 (full 0):
 garbage-first heap   total 420864K, used 216315K [0x0000000080000000, 0x0000000100000000)
  region size 1024K, 80 young (81920K), 23 survivors (23552K)
 Metaspace       used 156762K, committed 159552K, reserved 1245184K
  class space    used 20145K, committed 22016K, reserved 1048576K
}
Event: 6587.821 GC heap after
{Heap after GC invocations=100 (full 0):
 garbage-first heap   total 420864K, used 161220K [0x0000000080000000, 0x0000000100000000)
  region size 1024K, 15 young (15360K), 15 survivors (15360K)
 Metaspace       used 156762K, committed 159552K, reserved 1245184K
  class space    used 20145K, committed 22016K, reserved 1048576K
}
Event: 6634.227 GC heap before
{Heap before GC invocations=101 (full 0):
 garbage-first heap   total 420864K, used 386500K [0x0000000080000000, 0x0000000100000000)
  region size 1024K, 209 young (214016K), 15 survivors (15360K)
 Metaspace       used 156922K, committed 159616K, reserved 1245184K
  class space    used 20145K, committed 22016K, reserved 1048576K
}
Event: 6634.240 GC heap after
{Heap after GC invocations=102 (full 0):
 garbage-first heap   total 420864K, used 159240K [0x0000000080000000, 0x0000000100000000)
  region size 1024K, 18 young (18432K), 18 survivors (18432K)
 Metaspace       used 156922K, committed 159616K, reserved 1245184K
  class space    used 20145K, committed 22016K, reserved 1048576K
}
Event: 8443.353 GC heap before
{Heap before GC invocations=102 (full 0):
 garbage-first heap   total 420864K, used 392712K [0x0000000080000000, 0x0000000100000000)
  region size 1024K, 217 young (222208K), 18 survivors (18432K)
 Metaspace       used 157024K, committed 159680K, reserved 1245184K
  class space    used 20148K, committed 22016K, reserved 1048576K
}
Event: 8443.370 GC heap after
{Heap after GC invocations=103 (full 0):
 garbage-first heap   total 420864K, used 147645K [0x0000000080000000, 0x0000000100000000)
  region size 1024K, 11 young (11264K), 11 survivors (11264K)
 Metaspace       used 157024K, committed 159680K, reserved 1245184K
  class space    used 20148K, committed 22016K, reserved 1048576K
}
Event: 8447.583 GC heap before
{Heap before GC invocations=103 (full 0):
 garbage-first heap   total 420864K, used 272573K [0x0000000080000000, 0x0000000100000000)
  region size 1024K, 135 young (138240K), 11 survivors (11264K)
 Metaspace       used 157156K, committed 159744K, reserved 1245184K
  class space    used 20160K, committed 22016K, reserved 1048576K
}
Event: 8447.594 GC heap after
{Heap after GC invocations=104 (full 0):
 garbage-first heap   total 420864K, used 151006K [0x0000000080000000, 0x0000000100000000)
  region size 1024K, 15 young (15360K), 15 survivors (15360K)
 Metaspace       used 157156K, committed 159744K, reserved 1245184K
  class space    used 20160K, committed 22016K, reserved 1048576K
}
Event: 8470.176 GC heap before
{Heap before GC invocations=105 (full 0):
 garbage-first heap   total 420864K, used 382430K [0x0000000080000000, 0x0000000100000000)
  region size 1024K, 228 young (233472K), 15 survivors (15360K)
 Metaspace       used 158391K, committed 160768K, reserved 1245184K
  class space    used 20385K, committed 22016K, reserved 1048576K
}
Event: 8470.185 GC heap after
{Heap after GC invocations=106 (full 0):
 garbage-first heap   total 420864K, used 144642K [0x0000000080000000, 0x0000000100000000)
  region size 1024K, 11 young (11264K), 11 survivors (11264K)
 Metaspace       used 158391K, committed 160768K, reserved 1245184K
  class space    used 20385K, committed 22016K, reserved 1048576K
}
Event: 8559.831 GC heap before
{Heap before GC invocations=106 (full 0):
 garbage-first heap   total 420864K, used 370946K [0x0000000080000000, 0x0000000100000000)
  region size 1024K, 233 young (238592K), 11 survivors (11264K)
 Metaspace       used 158594K, committed 160960K, reserved 1245184K
  class space    used 20403K, committed 22016K, reserved 1048576K
}
Event: 8559.842 GC heap after
{Heap after GC invocations=107 (full 0):
 garbage-first heap   total 420864K, used 135883K [0x0000000080000000, 0x0000000100000000)
  region size 1024K, 11 young (11264K), 11 survivors (11264K)
 Metaspace       used 158594K, committed 160960K, reserved 1245184K
  class space    used 20403K, committed 22016K, reserved 1048576K
}
Event: 8836.948 GC heap before
{Heap before GC invocations=107 (full 0):
 garbage-first heap   total 420864K, used 373451K [0x0000000080000000, 0x0000000100000000)
  region size 1024K, 243 young (248832K), 11 survivors (11264K)
 Metaspace       used 158776K, committed 161152K, reserved 1245184K
  class space    used 20431K, committed 22016K, reserved 1048576K
}
Event: 8836.959 GC heap after
{Heap after GC invocations=108 (full 0):
 garbage-first heap   total 420864K, used 137312K [0x0000000080000000, 0x0000000100000000)
  region size 1024K, 13 young (13312K), 13 survivors (13312K)
 Metaspace       used 158776K, committed 161152K, reserved 1245184K
  class space    used 20431K, committed 22016K, reserved 1048576K
}

