# JRE version: OpenJDK Runtime Environment (21.0.6) (build 21.0.6+-13368085-b895.109)
# Java VM: OpenJDK 64-Bit Server VM (21.0.6+-13368085-b895.109, mixed mode, tiered, compressed oops, compressed class ptrs, g1 gc, windows-amd64)
GC Precious Log:
 CardTable entry size: 512
 Card Set container configuration: InlinePtr #cards 5 size 8 Array Of Cards #cards 12 size 40 Howl #buckets 4 coarsen threshold 1843 Howl Bitmap #cards 512 size 80 coarsen threshold 460 Card regions per heap region 1 cards per card region 2048
 CPUs: 12 total, 12 available
 Memory: 16227M
 Large Page Support: Disabled
 NUMA Support: Disabled
 Compressed Oops: Enabled (32-bit)
 Heap Region Size: 1M
 Heap Min Capacity: 8M
 Heap Initial Capacity: 254M
 Heap Max Capacity: 2G
 Pre-touch: Disabled
 Parallel Workers: 10
 Concurrent Workers: 3
 Concurrent Refinement Workers: 10
 Periodic GC: Disabled
Heap:
 garbage-first heap   total 361472K, used 311863K [0x0000000080000000, 0x0000000100000000)
  region size 1024K, 162 young (165888K), 18 survivors (18432K)
 Metaspace       used 137008K, committed 139392K, reserved 1179648K
  class space    used 17965K, committed 19136K, reserved 1048576K
GC Heap History (20 events):
Event: 156.171 GC heap before
{Heap before GC invocations=46 (full 0):
 garbage-first heap   total 186368K, used 168907K [0x0000000080000000, 0x0000000100000000)
  region size 1024K, 57 young (58368K), 6 survivors (6144K)
 Metaspace       used 121727K, committed 123968K, reserved 1179648K
  class space    used 16562K, committed 17664K, reserved 1048576K
}
Event: 156.179 GC heap after
{Heap after GC invocations=47 (full 0):
 garbage-first heap   total 186368K, used 120004K [0x0000000080000000, 0x0000000100000000)
  region size 1024K, 4 young (4096K), 4 survivors (4096K)
 Metaspace       used 121727K, committed 123968K, reserved 1179648K
  class space    used 16562K, committed 17664K, reserved 1048576K
}
Event: 157.205 GC heap before
{Heap before GC invocations=47 (full 0):
 garbage-first heap   total 186368K, used 170180K [0x0000000080000000, 0x0000000100000000)
  region size 1024K, 54 young (55296K), 4 survivors (4096K)
 Metaspace       used 122264K, committed 124480K, reserved 1179648K
  class space    used 16577K, committed 17664K, reserved 1048576K
}
Event: 157.216 GC heap after
{Heap after GC invocations=48 (full 0):
 garbage-first heap   total 186368K, used 125781K [0x0000000080000000, 0x0000000100000000)
  region size 1024K, 7 young (7168K), 7 survivors (7168K)
 Metaspace       used 122264K, committed 124480K, reserved 1179648K
  class space    used 16577K, committed 17664K, reserved 1048576K
}
Event: 158.261 GC heap before
{Heap before GC invocations=49 (full 0):
 garbage-first heap   total 209920K, used 175957K [0x0000000080000000, 0x0000000100000000)
  region size 1024K, 48 young (49152K), 7 survivors (7168K)
 Metaspace       used 122534K, committed 124736K, reserved 1179648K
  class space    used 16579K, committed 17664K, reserved 1048576K
}
Event: 158.279 GC heap after
{Heap after GC invocations=50 (full 0):
 garbage-first heap   total 209920K, used 146276K [0x0000000080000000, 0x0000000100000000)
  region size 1024K, 6 young (6144K), 6 survivors (6144K)
 Metaspace       used 122534K, committed 124736K, reserved 1179648K
  class space    used 16579K, committed 17664K, reserved 1048576K
}
Event: 159.210 GC heap before
{Heap before GC invocations=50 (full 0):
 garbage-first heap   total 209920K, used 190308K [0x0000000080000000, 0x0000000100000000)
  region size 1024K, 43 young (44032K), 6 survivors (6144K)
 Metaspace       used 122915K, committed 125184K, reserved 1179648K
  class space    used 16608K, committed 17728K, reserved 1048576K
}
Event: 159.224 GC heap after
{Heap after GC invocations=51 (full 0):
 garbage-first heap   total 209920K, used 153411K [0x0000000080000000, 0x0000000100000000)
  region size 1024K, 6 young (6144K), 6 survivors (6144K)
 Metaspace       used 122915K, committed 125184K, reserved 1179648K
  class space    used 16608K, committed 17728K, reserved 1048576K
}
Event: 159.770 GC heap before
{Heap before GC invocations=51 (full 0):
 garbage-first heap   total 209920K, used 183107K [0x0000000080000000, 0x0000000100000000)
  region size 1024K, 37 young (37888K), 6 survivors (6144K)
 Metaspace       used 123011K, committed 125248K, reserved 1179648K
  class space    used 16612K, committed 17728K, reserved 1048576K
}
Event: 159.785 GC heap after
{Heap after GC invocations=52 (full 0):
 garbage-first heap   total 209920K, used 162755K [0x0000000080000000, 0x0000000100000000)
  region size 1024K, 5 young (5120K), 5 survivors (5120K)
 Metaspace       used 123011K, committed 125248K, reserved 1179648K
  class space    used 16612K, committed 17728K, reserved 1048576K
}
Event: 160.105 GC heap before
{Heap before GC invocations=53 (full 0):
 garbage-first heap   total 296960K, used 203715K [0x0000000080000000, 0x0000000100000000)
  region size 1024K, 31 young (31744K), 5 survivors (5120K)
 Metaspace       used 123567K, committed 125824K, reserved 1179648K
  class space    used 16672K, committed 17792K, reserved 1048576K
}
Event: 160.112 GC heap after
{Heap after GC invocations=54 (full 0):
 garbage-first heap   total 296960K, used 167306K [0x0000000080000000, 0x0000000100000000)
  region size 1024K, 4 young (4096K), 4 survivors (4096K)
 Metaspace       used 123567K, committed 125824K, reserved 1179648K
  class space    used 16672K, committed 17792K, reserved 1048576K
}
Event: 160.630 GC heap before
{Heap before GC invocations=54 (full 0):
 garbage-first heap   total 296960K, used 259466K [0x0000000080000000, 0x0000000100000000)
  region size 1024K, 95 young (97280K), 4 survivors (4096K)
 Metaspace       used 127331K, committed 129600K, reserved 1179648K
  class space    used 17019K, committed 18176K, reserved 1048576K
}
Event: 160.641 GC heap after
{Heap after GC invocations=55 (full 0):
 garbage-first heap   total 361472K, used 169078K [0x0000000080000000, 0x0000000100000000)
  region size 1024K, 10 young (10240K), 10 survivors (10240K)
 Metaspace       used 127331K, committed 129600K, reserved 1179648K
  class space    used 17019K, committed 18176K, reserved 1048576K
}
Event: 197.674 GC heap before
{Heap before GC invocations=55 (full 0):
 garbage-first heap   total 361472K, used 296054K [0x0000000080000000, 0x0000000100000000)
  region size 1024K, 135 young (138240K), 10 survivors (10240K)
 Metaspace       used 129162K, committed 131520K, reserved 1179648K
  class space    used 17197K, committed 18368K, reserved 1048576K
}
Event: 197.679 GC heap after
{Heap after GC invocations=56 (full 0):
 garbage-first heap   total 361472K, used 163143K [0x0000000080000000, 0x0000000100000000)
  region size 1024K, 4 young (4096K), 4 survivors (4096K)
 Metaspace       used 129162K, committed 131520K, reserved 1179648K
  class space    used 17197K, committed 18368K, reserved 1048576K
}
Event: 198.432 GC heap before
{Heap before GC invocations=56 (full 0):
 garbage-first heap   total 361472K, used 223559K [0x0000000080000000, 0x0000000100000000)
  region size 1024K, 65 young (66560K), 4 survivors (4096K)
 Metaspace       used 129438K, committed 131712K, reserved 1179648K
  class space    used 17198K, committed 18368K, reserved 1048576K
}
Event: 198.444 GC heap after
{Heap after GC invocations=57 (full 0):
 garbage-first heap   total 361472K, used 171083K [0x0000000080000000, 0x0000000100000000)
  region size 1024K, 12 young (12288K), 12 survivors (12288K)
 Metaspace       used 129438K, committed 131712K, reserved 1179648K
  class space    used 17198K, committed 18368K, reserved 1048576K
}
Event: 202.038 GC heap before
{Heap before GC invocations=58 (full 0):
 garbage-first heap   total 361472K, used 312395K [0x0000000080000000, 0x0000000100000000)
  region size 1024K, 150 young (153600K), 12 survivors (12288K)
 Metaspace       used 130760K, committed 133056K, reserved 1179648K
  class space    used 17353K, committed 18496K, reserved 1048576K
}
Event: 202.053 GC heap after
{Heap after GC invocations=59 (full 0):
 garbage-first heap   total 361472K, used 164407K [0x0000000080000000, 0x0000000100000000)
  region size 1024K, 18 young (18432K), 18 survivors (18432K)
 Metaspace       used 130760K, committed 133056K, reserved 1179648K
  class space    used 17353K, committed 18496K, reserved 1048576K
}

