# JRE version: OpenJDK Runtime Environment (21.0.6) (build 21.0.6+-13368085-b895.109)
# Java VM: OpenJDK 64-Bit Server VM (21.0.6+-13368085-b895.109, mixed mode, tiered, compressed oops, compressed class ptrs, g1 gc, windows-amd64)
GC Precious Log:
 CardTable entry size: 512
 Card Set container configuration: InlinePtr #cards 5 size 8 Array Of Cards #cards 12 size 40 Howl #buckets 4 coarsen threshold 1843 Howl Bitmap #cards 512 size 80 coarsen threshold 460 Card regions per heap region 1 cards per card region 2048
 CPUs: 12 total, 12 available
 Memory: 16227M
 Large Page Support: Disabled
 NUMA Support: Disabled
 Compressed Oops: Enabled (32-bit)
 Heap Region Size: 1M
 Heap Min Capacity: 8M
 Heap Initial Capacity: 254M
 Heap Max Capacity: 2G
 Pre-touch: Disabled
 Parallel Workers: 10
 Concurrent Workers: 3
 Concurrent Refinement Workers: 10
 Periodic GC: Disabled
Heap:
 garbage-first heap   total 172032K, used 138084K [0x0000000080000000, 0x0000000100000000)
  region size 1024K, 41 young (41984K), 6 survivors (6144K)
 Metaspace       used 114318K, committed 116480K, reserved 1179648K
  class space    used 15650K, committed 16704K, reserved 1048576K
GC Heap History (20 events):
Event: 12.837 GC heap before
{Heap before GC invocations=21 (full 0):
 garbage-first heap   total 121856K, used 120457K [0x0000000080000000, 0x0000000100000000)
  region size 1024K, 57 young (58368K), 6 survivors (6144K)
 Metaspace       used 77284K, committed 79040K, reserved 1179648K
  class space    used 10421K, committed 11264K, reserved 1048576K
}
Event: 12.850 GC heap after
{Heap after GC invocations=22 (full 0):
 garbage-first heap   total 137216K, used 75286K [0x0000000080000000, 0x0000000100000000)
  region size 1024K, 8 young (8192K), 8 survivors (8192K)
 Metaspace       used 77284K, committed 79040K, reserved 1179648K
  class space    used 10421K, committed 11264K, reserved 1048576K
}
Event: 13.647 GC heap before
{Heap before GC invocations=22 (full 0):
 garbage-first heap   total 137216K, used 120342K [0x0000000080000000, 0x0000000100000000)
  region size 1024K, 52 young (53248K), 8 survivors (8192K)
 Metaspace       used 82237K, committed 84096K, reserved 1179648K
  class space    used 11059K, committed 11968K, reserved 1048576K
}
Event: 13.651 GC heap after
{Heap after GC invocations=23 (full 0):
 garbage-first heap   total 137216K, used 76902K [0x0000000080000000, 0x0000000100000000)
  region size 1024K, 2 young (2048K), 2 survivors (2048K)
 Metaspace       used 82237K, committed 84096K, reserved 1179648K
  class space    used 11059K, committed 11968K, reserved 1048576K
}
Event: 14.179 GC heap before
{Heap before GC invocations=24 (full 0):
 garbage-first heap   total 137216K, used 127078K [0x0000000080000000, 0x0000000100000000)
  region size 1024K, 47 young (48128K), 2 survivors (2048K)
 Metaspace       used 84860K, committed 86656K, reserved 1179648K
  class space    used 11416K, committed 12288K, reserved 1048576K
}
Event: 14.183 GC heap after
{Heap after GC invocations=25 (full 0):
 garbage-first heap   total 137216K, used 82885K [0x0000000080000000, 0x0000000100000000)
  region size 1024K, 6 young (6144K), 6 survivors (6144K)
 Metaspace       used 84860K, committed 86656K, reserved 1179648K
  class space    used 11416K, committed 12288K, reserved 1048576K
}
Event: 14.701 GC heap before
{Heap before GC invocations=25 (full 0):
 garbage-first heap   total 137216K, used 121797K [0x0000000080000000, 0x0000000100000000)
  region size 1024K, 45 young (46080K), 6 survivors (6144K)
 Metaspace       used 88181K, committed 89984K, reserved 1179648K
  class space    used 11846K, committed 12736K, reserved 1048576K
}
Event: 14.708 GC heap after
{Heap after GC invocations=26 (full 0):
 garbage-first heap   total 137216K, used 83521K [0x0000000080000000, 0x0000000100000000)
  region size 1024K, 3 young (3072K), 3 survivors (3072K)
 Metaspace       used 88181K, committed 89984K, reserved 1179648K
  class space    used 11846K, committed 12736K, reserved 1048576K
}
Event: 15.573 GC heap before
{Heap before GC invocations=26 (full 0):
 garbage-first heap   total 137216K, used 124481K [0x0000000080000000, 0x0000000100000000)
  region size 1024K, 43 young (44032K), 3 survivors (3072K)
 Metaspace       used 92372K, committed 94272K, reserved 1179648K
  class space    used 12383K, committed 13312K, reserved 1048576K
}
Event: 15.577 GC heap after
{Heap after GC invocations=27 (full 0):
 garbage-first heap   total 137216K, used 85324K [0x0000000080000000, 0x0000000100000000)
  region size 1024K, 4 young (4096K), 4 survivors (4096K)
 Metaspace       used 92372K, committed 94272K, reserved 1179648K
  class space    used 12383K, committed 13312K, reserved 1048576K
}
Event: 16.099 GC heap before
{Heap before GC invocations=28 (full 0):
 garbage-first heap   total 143360K, used 128332K [0x0000000080000000, 0x0000000100000000)
  region size 1024K, 43 young (44032K), 4 survivors (4096K)
 Metaspace       used 94815K, committed 96768K, reserved 1179648K
  class space    used 12744K, committed 13696K, reserved 1048576K
}
Event: 16.104 GC heap after
{Heap after GC invocations=29 (full 0):
 garbage-first heap   total 172032K, used 91350K [0x0000000080000000, 0x0000000100000000)
  region size 1024K, 5 young (5120K), 5 survivors (5120K)
 Metaspace       used 94815K, committed 96768K, reserved 1179648K
  class space    used 12744K, committed 13696K, reserved 1048576K
}
Event: 17.045 GC heap before
{Heap before GC invocations=29 (full 0):
 garbage-first heap   total 172032K, used 156886K [0x0000000080000000, 0x0000000100000000)
  region size 1024K, 69 young (70656K), 5 survivors (5120K)
 Metaspace       used 98440K, committed 100416K, reserved 1179648K
  class space    used 13219K, committed 14208K, reserved 1048576K
}
Event: 17.053 GC heap after
{Heap after GC invocations=30 (full 0):
 garbage-first heap   total 172032K, used 95204K [0x0000000080000000, 0x0000000100000000)
  region size 1024K, 8 young (8192K), 8 survivors (8192K)
 Metaspace       used 98440K, committed 100416K, reserved 1179648K
  class space    used 13219K, committed 14208K, reserved 1048576K
}
Event: 18.018 GC heap before
{Heap before GC invocations=30 (full 0):
 garbage-first heap   total 172032K, used 153572K [0x0000000080000000, 0x0000000100000000)
  region size 1024K, 65 young (66560K), 8 survivors (8192K)
 Metaspace       used 103253K, committed 105344K, reserved 1179648K
  class space    used 14050K, committed 15104K, reserved 1048576K
}
Event: 18.026 GC heap after
{Heap after GC invocations=31 (full 0):
 garbage-first heap   total 172032K, used 97650K [0x0000000080000000, 0x0000000100000000)
  region size 1024K, 7 young (7168K), 7 survivors (7168K)
 Metaspace       used 103253K, committed 105344K, reserved 1179648K
  class space    used 14050K, committed 15104K, reserved 1048576K
}
Event: 18.721 GC heap before
{Heap before GC invocations=31 (full 0):
 garbage-first heap   total 172032K, used 154994K [0x0000000080000000, 0x0000000100000000)
  region size 1024K, 63 young (64512K), 7 survivors (7168K)
 Metaspace       used 107546K, committed 109696K, reserved 1179648K
  class space    used 14678K, committed 15744K, reserved 1048576K
}
Event: 18.730 GC heap after
{Heap after GC invocations=32 (full 0):
 garbage-first heap   total 172032K, used 100569K [0x0000000080000000, 0x0000000100000000)
  region size 1024K, 6 young (6144K), 6 survivors (6144K)
 Metaspace       used 107546K, committed 109696K, reserved 1179648K
  class space    used 14678K, committed 15744K, reserved 1048576K
}
Event: 19.645 GC heap before
{Heap before GC invocations=33 (full 0):
 garbage-first heap   total 172032K, used 155865K [0x0000000080000000, 0x0000000100000000)
  region size 1024K, 60 young (61440K), 6 survivors (6144K)
 Metaspace       used 112456K, committed 114624K, reserved 1179648K
  class space    used 15400K, committed 16512K, reserved 1048576K
}
Event: 19.651 GC heap after
{Heap after GC invocations=34 (full 0):
 garbage-first heap   total 172032K, used 103268K [0x0000000080000000, 0x0000000100000000)
  region size 1024K, 6 young (6144K), 6 survivors (6144K)
 Metaspace       used 112456K, committed 114624K, reserved 1179648K
  class space    used 15400K, committed 16512K, reserved 1048576K
}

