# JRE version: OpenJDK Runtime Environment (21.0.6) (build 21.0.6+-13368085-b895.109)
# Java VM: OpenJDK 64-Bit Server VM (21.0.6+-13368085-b895.109, mixed mode, tiered, compressed oops, compressed class ptrs, g1 gc, windows-amd64)
GC Precious Log:
 CardTable entry size: 512
 Card Set container configuration: InlinePtr #cards 5 size 8 Array Of Cards #cards 12 size 40 Howl #buckets 4 coarsen threshold 1843 Howl Bitmap #cards 512 size 80 coarsen threshold 460 Card regions per heap region 1 cards per card region 2048
 CPUs: 12 total, 12 available
 Memory: 16227M
 Large Page Support: Disabled
 NUMA Support: Disabled
 Compressed Oops: Enabled (32-bit)
 Heap Region Size: 1M
 Heap Min Capacity: 8M
 Heap Initial Capacity: 254M
 Heap Max Capacity: 2G
 Pre-touch: Disabled
 Parallel Workers: 10
 Concurrent Workers: 3
 Concurrent Refinement Workers: 10
 Periodic GC: Disabled
Heap:
 garbage-first heap   total 228352K, used 158865K [0x0000000080000000, 0x0000000100000000)
  region size 1024K, 33 young (33792K), 5 survivors (5120K)
 Metaspace       used 139727K, committed 142144K, reserved 1179648K
  class space    used 19871K, committed 21056K, reserved 1048576K
GC Heap History (20 events):
Event: 14.182 GC heap before
{Heap before GC invocations=35 (full 0):
 garbage-first heap   total 172032K, used 155034K [0x0000000080000000, 0x0000000100000000)
  region size 1024K, 61 young (62464K), 6 survivors (6144K)
 Metaspace       used 110593K, committed 112896K, reserved 1179648K
  class space    used 15263K, committed 16384K, reserved 1048576K
}
Event: 14.190 GC heap after
{Heap after GC invocations=36 (full 0):
 garbage-first heap   total 172032K, used 105309K [0x0000000080000000, 0x0000000100000000)
  region size 1024K, 8 young (8192K), 8 survivors (8192K)
 Metaspace       used 110593K, committed 112896K, reserved 1179648K
  class space    used 15263K, committed 16384K, reserved 1048576K
}
Event: 14.455 GC heap before
{Heap before GC invocations=36 (full 0):
 garbage-first heap   total 172032K, used 153437K [0x0000000080000000, 0x0000000100000000)
  region size 1024K, 56 young (57344K), 8 survivors (8192K)
 Metaspace       used 111062K, committed 113280K, reserved 1179648K
  class space    used 15338K, committed 16448K, reserved 1048576K
}
Event: 14.464 GC heap after
{Heap after GC invocations=37 (full 0):
 garbage-first heap   total 172032K, used 108508K [0x0000000080000000, 0x0000000100000000)
  region size 1024K, 6 young (6144K), 6 survivors (6144K)
 Metaspace       used 111062K, committed 113280K, reserved 1179648K
  class space    used 15338K, committed 16448K, reserved 1048576K
}
Event: 14.734 GC heap before
{Heap before GC invocations=37 (full 0):
 garbage-first heap   total 172032K, used 154588K [0x0000000080000000, 0x0000000100000000)
  region size 1024K, 52 young (53248K), 6 survivors (6144K)
 Metaspace       used 111385K, committed 113600K, reserved 1179648K
  class space    used 15381K, committed 16512K, reserved 1048576K
}
Event: 14.740 GC heap after
{Heap after GC invocations=38 (full 0):
 garbage-first heap   total 172032K, used 111440K [0x0000000080000000, 0x0000000100000000)
  region size 1024K, 6 young (6144K), 6 survivors (6144K)
 Metaspace       used 111385K, committed 113600K, reserved 1179648K
  class space    used 15381K, committed 16512K, reserved 1048576K
}
Event: 15.143 GC heap before
{Heap before GC invocations=39 (full 0):
 garbage-first heap   total 188416K, used 153424K [0x0000000080000000, 0x0000000100000000)
  region size 1024K, 48 young (49152K), 6 survivors (6144K)
 Metaspace       used 112535K, committed 114752K, reserved 1179648K
  class space    used 15539K, committed 16704K, reserved 1048576K
}
Event: 15.149 GC heap after
{Heap after GC invocations=40 (full 0):
 garbage-first heap   total 188416K, used 113642K [0x0000000080000000, 0x0000000100000000)
  region size 1024K, 5 young (5120K), 5 survivors (5120K)
 Metaspace       used 112535K, committed 114752K, reserved 1179648K
  class space    used 15539K, committed 16704K, reserved 1048576K
}
Event: 15.570 GC heap before
{Heap before GC invocations=40 (full 0):
 garbage-first heap   total 188416K, used 170986K [0x0000000080000000, 0x0000000100000000)
  region size 1024K, 62 young (63488K), 5 survivors (5120K)
 Metaspace       used 115031K, committed 117248K, reserved 1179648K
  class space    used 15848K, committed 16960K, reserved 1048576K
}
Event: 15.577 GC heap after
{Heap after GC invocations=41 (full 0):
 garbage-first heap   total 188416K, used 116454K [0x0000000080000000, 0x0000000100000000)
  region size 1024K, 7 young (7168K), 7 survivors (7168K)
 Metaspace       used 115031K, committed 117248K, reserved 1179648K
  class space    used 15848K, committed 16960K, reserved 1048576K
}
Event: 24.979 GC heap before
{Heap before GC invocations=41 (full 0):
 garbage-first heap   total 188416K, used 154342K [0x0000000080000000, 0x0000000100000000)
  region size 1024K, 46 young (47104K), 7 survivors (7168K)
 Metaspace       used 116505K, committed 118784K, reserved 1179648K
  class space    used 16073K, committed 17216K, reserved 1048576K
}
Event: 24.985 GC heap after
{Heap after GC invocations=42 (full 0):
 garbage-first heap   total 226304K, used 119377K [0x0000000080000000, 0x0000000100000000)
  region size 1024K, 5 young (5120K), 5 survivors (5120K)
 Metaspace       used 116505K, committed 118784K, reserved 1179648K
  class space    used 16073K, committed 17216K, reserved 1048576K
}
Event: 24.987 GC heap before
{Heap before GC invocations=42 (full 0):
 garbage-first heap   total 226304K, used 120401K [0x0000000080000000, 0x0000000100000000)
  region size 1024K, 6 young (6144K), 5 survivors (5120K)
 Metaspace       used 116508K, committed 118784K, reserved 1179648K
  class space    used 16074K, committed 17216K, reserved 1048576K
}
Event: 24.991 GC heap after
{Heap after GC invocations=43 (full 0):
 garbage-first heap   total 226304K, used 119711K [0x0000000080000000, 0x0000000100000000)
  region size 1024K, 5 young (5120K), 5 survivors (5120K)
 Metaspace       used 116508K, committed 118784K, reserved 1179648K
  class space    used 16074K, committed 17216K, reserved 1048576K
}
Event: 26.071 GC heap before
{Heap before GC invocations=44 (full 0):
 garbage-first heap   total 226304K, used 212895K [0x0000000080000000, 0x0000000100000000)
  region size 1024K, 91 young (93184K), 5 survivors (5120K)
 Metaspace       used 126107K, committed 128448K, reserved 1179648K
  class space    used 17460K, committed 18624K, reserved 1048576K
}
Event: 26.083 GC heap after
{Heap after GC invocations=45 (full 0):
 garbage-first heap   total 228352K, used 127906K [0x0000000080000000, 0x0000000100000000)
  region size 1024K, 12 young (12288K), 12 survivors (12288K)
 Metaspace       used 126107K, committed 128448K, reserved 1179648K
  class space    used 17460K, committed 18624K, reserved 1048576K
}
Event: 26.664 GC heap before
{Heap before GC invocations=45 (full 0):
 garbage-first heap   total 228352K, used 202658K [0x0000000080000000, 0x0000000100000000)
  region size 1024K, 86 young (88064K), 12 survivors (12288K)
 Metaspace       used 135035K, committed 137472K, reserved 1179648K
  class space    used 19070K, committed 20288K, reserved 1048576K
}
Event: 26.678 GC heap after
{Heap after GC invocations=46 (full 0):
 garbage-first heap   total 228352K, used 131374K [0x0000000080000000, 0x0000000100000000)
  region size 1024K, 5 young (5120K), 5 survivors (5120K)
 Metaspace       used 135035K, committed 137472K, reserved 1179648K
  class space    used 19070K, committed 20288K, reserved 1048576K
}
Event: 27.008 GC heap before
{Heap before GC invocations=46 (full 0):
 garbage-first heap   total 228352K, used 186670K [0x0000000080000000, 0x0000000100000000)
  region size 1024K, 61 young (62464K), 5 survivors (5120K)
 Metaspace       used 138043K, committed 140416K, reserved 1179648K
  class space    used 19509K, committed 20672K, reserved 1048576K
}
Event: 27.013 GC heap after
{Heap after GC invocations=47 (full 0):
 garbage-first heap   total 228352K, used 131217K [0x0000000080000000, 0x0000000100000000)
  region size 1024K, 5 young (5120K), 5 survivors (5120K)
 Metaspace       used 138043K, committed 140416K, reserved 1179648K
  class space    used 19509K, committed 20672K, reserved 1048576K
}

